[01 08 2023 15:22:55.137]: Converting project file Installer.wixproj...
[01 08 2023 15:22:55.731]: Warning: Did not find any valid version of package 'WixToolset.Sdk' on NuGet package source 'https://api.nuget.org/v3/index.json'. Using default version 4.0.0-rc.1.
[01 08 2023 15:22:55.742]: Converting file: C:\my\git repos\ShowWhatProcessLocksFile\src\Installer\Product.wxs...
[01 08 2023 15:22:55.755]: C:\my\git repos\ShowWhatProcessLocksFile\src\Installer\Product.wxs : information WIX0005: [Converted] This file contains an XML declaration on the first line. (DeclarationPresent)
[01 08 2023 15:22:55.755]: C:\my\git repos\ShowWhatProcessLocksFile\src\Installer\Product.wxs(1) : information WIX0009: [Converted] The namespace 'http://schemas.microsoft.com/wix/2006/wi' is out of date. It must be 'http://wixtoolset.org/schemas/v4/wxs'. (XmlnsValueWrong)
[01 08 2023 15:22:55.755]: C:\my\git repos\ShowWhatProcessLocksFile\src\Installer\Product.wxs(2) : information WIX0023: [Converted] Using '*' for the Product Id attribute is unnecessary. Remove the attribute to remove the redundancy. (AutoGuidUnnecessary)
[01 08 2023 15:22:55.755]: C:\my\git repos\ShowWhatProcessLocksFile\src\Installer\Product.wxs(2) : information WIX0030: [Converted] The Product and Package elements have been renamed and reorganized for simplicity. (ProductAndPackageRenamed)
[01 08 2023 15:22:55.755]: C:\my\git repos\ShowWhatProcessLocksFile\src\Installer\Product.wxs : information WIX0058: [Converted] The TARGETDIR directory should no longer be explicitly defined. Remove the Directory element with Id attribute 'TARGETDIR'. (TargetDirDeprecated)
[01 08 2023 15:22:55.755]: C:\my\git repos\ShowWhatProcessLocksFile\src\Installer\Product.wxs(14) : information WIX0059: [Converted] Standard directories such as 'AppDataFolder' should no longer be defined using the Directory element. Use the StandardDirectory element instead. (DefiningStandardDirectoryDeprecated)
[01 08 2023 15:22:55.755]: C:\my\git repos\ShowWhatProcessLocksFile\src\Installer\Product.wxs(22) : information WIX0012: [Converted] The file id is being updated to 'ShowWhatProcessLocksFile.exe' to ensure it remains the same as the v3 default (AssignAnonymousFileId)
[01 08 2023 15:22:55.755]: C:\my\git repos\ShowWhatProcessLocksFile\src\Installer\Product.wxs(23) : information WIX0012: [Converted] The file id is being updated to 'ShowWhatProcessLocksFile.exe.config' to ensure it remains the same as the v3 default (AssignAnonymousFileId)
[01 08 2023 15:22:55.755]: C:\my\git repos\ShowWhatProcessLocksFile\src\Installer\Product.wxs(24) : information WIX0012: [Converted] The file id is being updated to 'handle.exe' to ensure it remains the same as the v3 default (AssignAnonymousFileId)
[01 08 2023 15:22:55.755]: C:\my\git repos\ShowWhatProcessLocksFile\src\Installer\Product.wxs(25) : information WIX0012: [Converted] The file id is being updated to 'CliWrap.dll' to ensure it remains the same as the v3 default (AssignAnonymousFileId)
[01 08 2023 15:22:55.755]: C:\my\git repos\ShowWhatProcessLocksFile\src\Installer\Product.wxs(26) : information WIX0012: [Converted] The file id is being updated to 'SharpVectors.Converters.Wpf.dll' to ensure it remains the same as the v3 default (AssignAnonymousFileId)
[01 08 2023 15:22:55.755]: C:\my\git repos\ShowWhatProcessLocksFile\src\Installer\Product.wxs(27) : information WIX0012: [Converted] The file id is being updated to 'SharpVectors.Rendering.Gdi.dll' to ensure it remains the same as the v3 default (AssignAnonymousFileId)
[01 08 2023 15:22:55.755]: C:\my\git repos\ShowWhatProcessLocksFile\src\Installer\Product.wxs(28) : information WIX0012: [Converted] The file id is being updated to 'SharpVectors.Rendering.Wpf.dll' to ensure it remains the same as the v3 default (AssignAnonymousFileId)
[01 08 2023 15:22:55.755]: C:\my\git repos\ShowWhatProcessLocksFile\src\Installer\Product.wxs(29) : information WIX0012: [Converted] The file id is being updated to 'SharpVectors.Model.dll' to ensure it remains the same as the v3 default (AssignAnonymousFileId)
[01 08 2023 15:22:55.755]: C:\my\git repos\ShowWhatProcessLocksFile\src\Installer\Product.wxs(30) : information WIX0012: [Converted] The file id is being updated to 'SharpVectors.Css.dll' to ensure it remains the same as the v3 default (AssignAnonymousFileId)
[01 08 2023 15:22:55.755]: C:\my\git repos\ShowWhatProcessLocksFile\src\Installer\Product.wxs(31) : information WIX0012: [Converted] The file id is being updated to 'SharpVectors.Dom.dll' to ensure it remains the same as the v3 default (AssignAnonymousFileId)
[01 08 2023 15:22:55.755]: C:\my\git repos\ShowWhatProcessLocksFile\src\Installer\Product.wxs(32) : information WIX0012: [Converted] The file id is being updated to 'SharpVectors.Runtime.Wpf.dll' to ensure it remains the same as the v3 default (AssignAnonymousFileId)
[01 08 2023 15:22:55.755]: C:\my\git repos\ShowWhatProcessLocksFile\src\Installer\Product.wxs(33) : information WIX0012: [Converted] The file id is being updated to 'SharpVectors.Core.dll' to ensure it remains the same as the v3 default (AssignAnonymousFileId)
[01 08 2023 15:22:55.755]: C:\my\git repos\ShowWhatProcessLocksFile\src\Installer\Product.wxs(34) : information WIX0012: [Converted] The file id is being updated to 'Microsoft.Bcl.AsyncInterfaces.dll' to ensure it remains the same as the v3 default (AssignAnonymousFileId)
[01 08 2023 15:22:55.755]: C:\my\git repos\ShowWhatProcessLocksFile\src\Installer\Product.wxs(35) : information WIX0012: [Converted] The file id is being updated to 'System.Buffers.dll' to ensure it remains the same as the v3 default (AssignAnonymousFileId)
[01 08 2023 15:22:55.755]: C:\my\git repos\ShowWhatProcessLocksFile\src\Installer\Product.wxs(36) : information WIX0012: [Converted] The file id is being updated to 'System.Threading.Tasks.Extensions.dll' to ensure it remains the same as the v3 default (AssignAnonymousFileId)
[01 08 2023 15:22:55.755]: C:\my\git repos\ShowWhatProcessLocksFile\src\Installer\Product.wxs(37) : information WIX0012: [Converted] The file id is being updated to 'System.Runtime.CompilerServices.Unsafe.dll' to ensure it remains the same as the v3 default (AssignAnonymousFileId)
[01 08 2023 15:22:55.755]: C:\my\git repos\ShowWhatProcessLocksFile\src\Installer\Product.wxs(38) : information WIX0012: [Converted] The file id is being updated to 'MoreLinq.dll' to ensure it remains the same as the v3 default (AssignAnonymousFileId)
[01 08 2023 15:22:55.755]: C:\my\git repos\ShowWhatProcessLocksFile\src\Installer\Product.wxs(39) : information WIX0012: [Converted] The file id is being updated to 'System.ValueTuple.dll' to ensure it remains the same as the v3 default (AssignAnonymousFileId)
[01 08 2023 15:22:55.755]: C:\my\git repos\ShowWhatProcessLocksFile\src\Installer\Product.wxs(40) : information WIX0012: [Converted] The file id is being updated to 'System.Runtime.InteropServices.RuntimeInformation.dll' to ensure it remains the same as the v3 default (AssignAnonymousFileId)
[01 08 2023 15:22:55.756]: ---- Project Installer: Converted 1 files.
[01 08 2023 15:22:55.756]: ---- Total time: 00.625
[01 08 2023 15:22:55.756]: ========== Import complete:  0 errors, 1 warnings
